<?xml version="1.0" encoding="UTF-8"?>
<testng-results ignored="0" total="1" passed="1" failed="0" skipped="0">
  <reporter-output>
  </reporter-output>
  <suite started-at="2025-09-24T20:39:56 IST" name="OpenHRM Test Suite" finished-at="2025-09-24T20:40:06 IST" duration-ms="9603">
    <groups>
    </groups>
    <test started-at="2025-09-24T20:39:56 IST" name="Login Test" finished-at="2025-09-24T20:40:06 IST" duration-ms="9603">
      <class name="tests.LoginTest">
        <test-method is-config="true" signature="setup()[pri:0, instance:tests.LoginTest@77167fb7]" started-at="2025-09-24T20:39:56 IST" name="setup" finished-at="2025-09-24T20:40:03 IST" duration-ms="6835" status="PASS">
          <reporter-output>
          </reporter-output>
        </test-method> <!-- setup -->
        <test-method signature="loginTest()[pri:0, instance:tests.LoginTest@77167fb7]" started-at="2025-09-24T20:40:03 IST" name="loginTest" finished-at="2025-09-24T20:40:06 IST" duration-ms="2676" status="PASS">
          <reporter-output>
          </reporter-output>
        </test-method> <!-- loginTest -->
        <test-method is-config="true" signature="teardown()[pri:0, instance:tests.LoginTest@77167fb7]" started-at="2025-09-24T20:40:06 IST" name="teardown" finished-at="2025-09-24T20:40:06 IST" duration-ms="78" status="PASS">
          <reporter-output>
          </reporter-output>
        </test-method> <!-- teardown -->
      </class> <!-- tests.LoginTest -->
    </test> <!-- Login Test -->
  </suite> <!-- OpenHRM Test Suite -->
</testng-results>
